<?xml version="1.0" encoding="UTF-8"?>
<!-- Generated by org.testng.reporters.JUnitReportReporter -->
<testsuite hostname="LAPTOP-89MB722U" name="com.assignment.TestCases.TS_03_Search_Functionality" tests="1" failures="0" timestamp="28 Apr 2019 02:15:19 GMT" time="23.244" errors="0">
  <testcase name="verifySearchItem" time="23.244" classname="com.assignment.TestCases.TS_03_Search_Functionality"/>
</testsuite> <!-- com.assignment.TestCases.TS_03_Search_Functionality -->
